<testsuite failures="0" name="Karate/Covid19Statistics/TestCases/getHistoryOfCountries.feature" skipped="0" tests="1" time="2.19181">
  <testcase classname="Karate.Covid19Statistics.TestCases.getHistoryOfCountries" name="Fetch history of any number of countries for a particular day" time="2.19181">
    <system-out>* def data = .............................................................. passed
Given url baseUrl ......................................................... passed
And path 'history' ........................................................ passed
And header x-rapidapi-host = "covid-193.p.rapidapi.com" ................... passed
And header x-rapidapi-key = "d2b1fa2dddmsh130230f565571c8p18b6dcjsneb060c985a2f" . passed
And params data ........................................................... passed
When method get ........................................................... passed
Then status 200 ........................................................... passed
Then print response ....................................................... passed</system-out>
  </testcase>
</testsuite>
